1734738630235:help
1734738644717:hello
1734738647851:clear
1734738650515:cls
1734738653362:clear
1734738667630:clear()
1734738669431:clear
1734738673898:version
1734738679060:history
1734738689329:exit
1734738736613:hello
1734738739798:exit
1734738774136:Hello
1734738780699:clear
1734738783727:hello
1734738786275:exit
1734738804254:hello
1734738806102:exit
1734738915109:hello
1734738928327:exit
1734739529234:e
1734739532403:tt
1734739884844:hello
1734741155202:help
1734741167009:list
1734741174924:hello
1734741177616:clear
1734741243808:add "Complete Math Homework" "Finish algebra and geometry assignments"
1734741275576:add "Prepare for Science Test" "Review chapters 4-6 and take notes"
1734741295422:add "Call John" "Discuss the project updates"
1734741299106:list
1734741320579:help
1734741336409:find 1
1734741343049:find 3
1734741346899:find 5
1734741351163:help
1734741355928:done 3
1734741362351:find 3
1734741366732:find 1
1734741371177:list
1734741373047:help
1734741377976:delete 5
1734741385344:list
1734741394427:delete 2
1734741397255:list
1734741403443:find 2
1734741410089:clear
1734741413441:hello
1734741418001:exit
1734765657481:hello
1734765662873:help
1734765709989:add "Complete Monthly Report" "Analyze sales data and compile report"
1734765749786:add "Workout Session" "Cardio and strength training for 1 hour"
1734765775765:add "Enroll in Online Course" "Sign up for the AI and Machine Learning course"
1734765779482:clear
1734765791838:version
1734765797157:list
1734765821695:done 3
1734765830354:list
1734765856237:find 2
1734765865529:help
1734765876758:exit
